MediaPipe initialized successfully
Processing uploaded image: goat7.jpg, size: 31032
Image decoded successfully. Shape: (612, 603, 3)
MediaPipe processing completed
No pose landmarks detected
MediaPipe initialized successfully
Processing uploaded image: goat7.jpg, size: 31032
Image decoded successfully. Shape: (612, 603, 3)
MediaPipe processing completed
No pose landmarks detected
MediaPipe initialized successfully
Processing uploaded image: olivier.jpg, size: 22175
Image decoded successfully. Shape: (460, 612, 3)
MediaPipe processing completed
No pose landmarks detected
MediaPipe initialized successfully
Processing uploaded image: goat-farm-2026860.webp, size: 68294
Image decoded successfully. Shape: (532, 800, 3)
MediaPipe processing completed
No pose landmarks detected
MediaPipe initialized successfully
Processing uploaded image: goat-farm-2026860.webp, size: 68294
Image decoded successfully. Shape: (532, 800, 3)
MediaPipe processing completed
No pose landmarks detected
MediaPipe initialized successfully
Initial pose detection failed, trying with enhanced contrast...
Pose detection failed, trying face detection fallback...
Initial pose detection failed, trying with enhanced contrast...
Pose detection failed, trying face detection fallback...
MediaPipe initialized successfully
Processing uploaded image: goat-farm-2026860.webp, size: 68294
Image decoded successfully. Shape: (532, 800, 3)
MediaPipe processing completed
Initial pose detection failed, trying with enhanced contrast...
Pose detection failed, trying face detection fallback...
MediaPipe initialized successfully
Processing uploaded image: olivier.jpg, size: 22175
Image decoded successfully. Shape: (460, 612, 3)
MediaPipe processing completed
Initial pose detection failed, trying with enhanced contrast...
Pose detection failed, trying face detection fallback...
MediaPipe initialized successfully
Processing uploaded image: Boerbok.jpg, size: 70043
Image decoded successfully. Shape: (450, 600, 3)
MediaPipe processing completed
Initial pose detection failed, trying with enhanced contrast...
Pose detection failed, trying face detection fallback...
Error creating Excel export: 'MorphometricMeasurement' object has no attribute 'longueur_du_corps'
Error creating Excel export: 'MorphometricMeasurement' object has no attribute 'longueur_du_corps'
Error creating Excel export: 'Goat' object has no attribute 'birth_date'
Error creating Excel export: 'Goat' object has no attribute 'birth_date'
MediaPipe initialized successfully
Processing uploaded image: goat-farm-2026860.webp, size: 68294
Image decoded successfully. Shape: (532, 800, 3)
MediaPipe processing completed
Initial pose detection failed, trying with enhanced contrast...
Pose detection failed, trying face detection fallback...
MediaPipe initialized successfully
Processing uploaded image: Goat-850.jpg, size: 554020
Image decoded successfully. Shape: (1200, 1600, 3)
Resized image to: 1440x1080
MediaPipe processing completed
Initial pose detection failed, trying with enhanced contrast...
Pose detection failed, trying face detection fallback...
MediaPipe initialized successfully
Processing uploaded image: Goat-850.jpg, size: 554020
Image decoded successfully. Shape: (1200, 1600, 3)
Resized image to: 1440x1080
MediaPipe processing completed
Initial pose detection failed, trying with enhanced contrast...
Pose detection failed, trying face detection fallback...
MediaPipe initialized successfully
Processing uploaded image: Boerbok.jpg, size: 70043
Image decoded successfully. Shape: (450, 600, 3)
MediaPipe processing completed
Initial pose detection failed, trying with enhanced contrast...
Pose detection failed, trying face detection fallback...
MediaPipe initialized successfully
Processing uploaded image: b2.jpg, size: 59379
Image decoded successfully. Shape: (360, 486, 3)
MediaPipe processing completed
Initial pose detection failed, trying with enhanced contrast...
Pose detection failed, trying face detection fallback...
MediaPipe initialized successfully
Processing uploaded image: b2.jpg, size: 59379
Image decoded successfully. Shape: (360, 486, 3)
MediaPipe processing completed
Initial pose detection failed, trying with enhanced contrast...
Pose detection failed, trying face detection fallback...
ML dependencies not available, using traditional CV only
Processing uploaded image: b2.jpg, size: 59379
Image decoded successfully. Shape: (360, 486, 3)
MediaPipe processing completed
Initial pose detection failed, trying with enhanced contrast...
Pose detection failed, trying face detection fallback...
Error in fallback detection: 'GoatMorphometryProcessor' object has no attribute 'face_detection'
ML dependencies not available, using traditional CV only
Processing uploaded image: images.jpeg, size: 9262
Image decoded successfully. Shape: (225, 225, 3)
MediaPipe processing completed
Error in measurement calculation: 'GoatMorphometryProcessor' object has no attribute 'goat_keypoints'
ML dependencies not available, using traditional CV only
Processing uploaded image: GvyzisAWgAA43IM.jpg, size: 208702
Image decoded successfully. Shape: (984, 1200, 3)
MediaPipe processing completed
Initial pose detection failed, trying with enhanced contrast...
Pose detection failed, trying face detection fallback...
Error in fallback detection: 'GoatMorphometryProcessor' object has no attribute 'face_detection'
ML dependencies not available, using traditional CV only
Processing uploaded image: GvyzisAWgAA43IM.jpg, size: 208702
Image decoded successfully. Shape: (984, 1200, 3)
MediaPipe processing completed
Initial pose detection failed, trying with enhanced contrast...
Pose detection failed, trying face detection fallback...
Error in fallback detection: 'GoatMorphometryProcessor' object has no attribute 'face_detection'
ML dependencies not available, using traditional CV only
Processing uploaded image: po.jpeg, size: 8401
Image decoded successfully. Shape: (200, 252, 3)
MediaPipe processing completed
Initial pose detection failed, trying with enhanced contrast...
Pose detection failed, trying face detection fallback...
Error in fallback detection: 'GoatMorphometryProcessor' object has no attribute 'face_detection'
ML dependencies not available, using traditional CV only
Processing uploaded image: Boerbok.jpg, size: 70043
Image decoded successfully. Shape: (450, 600, 3)
MediaPipe processing completed
Initial pose detection failed, trying with enhanced contrast...
Pose detection failed, trying face detection fallback...
Error in fallback detection: 'GoatMorphometryProcessor' object has no attribute 'face_detection'
ML dependencies not available, using traditional CV only
Processing uploaded image: Boerbok.jpg, size: 70043
Image decoded successfully. Shape: (450, 600, 3)
MediaPipe processing completed
Initial pose detection failed, trying with enhanced contrast...
Pose detection failed, trying face detection fallback...
Error in fallback detection: 'GoatMorphometryProcessor' object has no attribute 'face_detection'
ML dependencies not available, using traditional CV only
Processing uploaded image: Boerbok.jpg, size: 70043
Image decoded successfully. Shape: (450, 600, 3)
MediaPipe processing completed
Initial pose detection failed, trying with enhanced contrast...
Pose detection failed, trying face detection fallback...
Error in fallback detection: 'GoatMorphometryProcessor' object has no attribute 'face_detection'
MediaPipe initialized successfully
ML dependencies not available, using traditional CV only
Processing uploaded image: Boerbok.jpg, size: 70043
Image decoded successfully. Shape: (450, 600, 3)
MediaPipe processing completed
Initial pose detection failed, trying with enhanced contrast...
Pose detection failed, trying face detection fallback...
MediaPipe initialized successfully
ML dependencies not available, using traditional CV only
Processing uploaded image: Boerbok.jpg, size: 70043
Image decoded successfully. Shape: (450, 600, 3)
MediaPipe processing completed
Initial pose detection failed, trying with enhanced contrast...
Pose detection failed, trying face detection fallback...
MediaPipe initialized successfully
ML dependencies not available, using traditional CV only
Processing uploaded image: Boerbok.jpg, size: 70043
Image decoded successfully. Shape: (450, 600, 3)
MediaPipe processing completed
Initial pose detection failed, trying with enhanced contrast...
Pose detection failed, trying face detection fallback...
MediaPipe initialized successfully
ML dependencies not available, using traditional CV only
Processing uploaded image: Boerbok.jpg, size: 70043
Image decoded successfully. Shape: (450, 600, 3)
MediaPipe processing completed
Initial pose detection failed, trying with enhanced contrast...
Pose detection failed, trying face detection fallback...
MediaPipe initialized successfully
ML dependencies not available, using traditional CV only
Processing uploaded image: Boerbok.jpg, size: 70043
Image decoded successfully. Shape: (450, 600, 3)
MediaPipe processing completed
Initial pose detection failed, trying with enhanced contrast...
Pose detection failed, trying face detection fallback...
MediaPipe initialized successfully
ML dependencies not available, using traditional CV only
Processing uploaded image: po.jpeg, size: 8401
Image decoded successfully. Shape: (200, 252, 3)
MediaPipe processing completed
Initial pose detection failed, trying with enhanced contrast...
Pose detection failed, trying face detection fallback...
MediaPipe initialized successfully
ML dependencies not available, using traditional CV only
Processing uploaded image: GvyzisAWgAA43IM.jpg, size: 208702
Image decoded successfully. Shape: (984, 1200, 3)
MediaPipe processing completed
Initial pose detection failed, trying with enhanced contrast...
Pose detection failed, trying face detection fallback...
MediaPipe initialized successfully
ML dependencies not available, using traditional CV only
Processing uploaded image: GvyzisAWgAA43IM.jpg, size: 208702
Image decoded successfully. Shape: (984, 1200, 3)
MediaPipe processing completed
Initial pose detection failed, trying with enhanced contrast...
Pose detection failed, trying face detection fallback...
Using default scale factor (measurements will be in pixels)
MediaPipe initialized successfully
Processing uploaded image: images.jpeg, size: 9262
Image decoded successfully. Shape: (225, 225, 3)
MediaPipe processing completed
Extracted 17 keypoints
Calculated 7 measurements
Error creating Excel export: 'MorphometricMeasurement' object has no attribute 'longueur_du_corps'
Watching for file changes with StatReloader
"GET /admin HTTP/1.1" 301 0
"GET /admin/ HTTP/1.1" 302 0
"GET /admin/login/?next=/admin/ HTTP/1.1" 200 4158
"GET /static/admin/css/base.css HTTP/1.1" 200 21544
"GET /static/admin/css/dark_mode.css HTTP/1.1" 200 2682
"GET /static/admin/js/theme.js HTTP/1.1" 200 1943
"GET /static/admin/css/nav_sidebar.css HTTP/1.1" 200 2810
"GET /static/admin/css/login.css HTTP/1.1" 200 958
"GET /static/admin/css/responsive.css HTTP/1.1" 200 17905
"GET /static/admin/js/nav_sidebar.js HTTP/1.1" 200 3063
Not Found: /favicon.ico
"GET /favicon.ico HTTP/1.1" 404 5998
"GET / HTTP/1.1" 200 13569
"GET /static/images/goat_logo.svg HTTP/1.1" 200 31131
"GET /static/images/goat-illu.png HTTP/1.1" 200 1376662
"GET /static/images/favicon.ico HTTP/1.1" 200 15406
"GET / HTTP/1.1" 200 13569
"GET /static/images/goat_logo.svg HTTP/1.1" 200 31131
"GET /static/images/goat-illu.png HTTP/1.1" 200 1376662
"GET /static/images/favicon.ico HTTP/1.1" 200 15406
"GET /register/ HTTP/1.1" 200 11142
"GET / HTTP/1.1" 200 13569
"GET / HTTP/1.1" 200 13569
"GET / HTTP/1.1" 200 13745
"GET / HTTP/1.1" 200 13745
"GET / HTTP/1.1" 200 13745
"GET / HTTP/1.1" 200 13745
"GET / HTTP/1.1" 200 13745
"GET / HTTP/1.1" 200 13745
"GET / HTTP/1.1" 200 13745
"GET /accounts/login/ HTTP/1.1" 200 6497
"GET / HTTP/1.1" 200 13745
"GET / HTTP/1.1" 200 13745
"GET / HTTP/1.1" 200 13745
"GET / HTTP/1.1" 200 13745
"GET / HTTP/1.1" 200 13745
"GET / HTTP/1.1" 200 13745
"GET / HTTP/1.1" 200 13745
"GET / HTTP/1.1" 200 13745
"GET / HTTP/1.1" 200 13745
"GET /accounts/login/ HTTP/1.1" 200 6497
"GET / HTTP/1.1" 200 13745
"GET /accounts/login/ HTTP/1.1" 200 6497
"POST /accounts/login/ HTTP/1.1" 302 0
"GET /dashboard/ HTTP/1.1" 200 23164
"GET / HTTP/1.1" 200 15276
"GET / HTTP/1.1" 200 15276
"GET /upload/ HTTP/1.1" 200 20214
"GET /dashboard/ HTTP/1.1" 200 23164
"GET / HTTP/1.1" 200 15276
Watching for file changes with StatReloader
"GET / HTTP/1.1" 200 15272
"GET / HTTP/1.1" 200 16715
"GET / HTTP/1.1" 200 15946
"GET / HTTP/1.1" 200 15972
"GET /static/images/goat_logo.svg HTTP/1.1" 200 31131
"GET /static/images/goat-illu.png HTTP/1.1" 200 1376662
"GET /static/images/favicon.ico HTTP/1.1" 200 15406
"GET / HTTP/1.1" 200 15972
"GET /dashboard/ HTTP/1.1" 200 23190
"GET /dashboard/ HTTP/1.1" 200 24066
"GET / HTTP/1.1" 200 15972
"GET /dashboard/ HTTP/1.1" 200 24066
"GET /upload/ HTTP/1.1" 200 20240
"GET /dashboard/ HTTP/1.1" 200 24066
"GET /upload/ HTTP/1.1" 200 20240
"GET /dashboard/ HTTP/1.1" 200 24066
"GET /upload/ HTTP/1.1" 200 20240
"GET /dashboard/ HTTP/1.1" 200 24066
"GET /upload/ HTTP/1.1" 200 20240
"GET /admin/ HTTP/1.1" 200 9316
"GET /static/admin/css/base.css HTTP/1.1" 200 22120
"GET /static/admin/css/dark_mode.css HTTP/1.1" 200 2808
"GET /static/admin/css/nav_sidebar.css HTTP/1.1" 200 2810
"GET /static/admin/css/dashboard.css HTTP/1.1" 200 441
"GET /static/admin/css/responsive.css HTTP/1.1" 200 16565
"GET /static/admin/js/theme.js HTTP/1.1" 200 1653
"GET /static/admin/js/nav_sidebar.js HTTP/1.1" 200 3063
"GET /static/admin/img/icon-addlink.svg HTTP/1.1" 200 331
"GET /static/admin/img/icon-changelink.svg HTTP/1.1" 200 380
Not Found: /favicon.ico
"GET /favicon.ico HTTP/1.1" 404 7859
"GET /admin/measurements/goat/ HTTP/1.1" 200 29847
"GET /static/admin/css/changelists.css HTTP/1.1" 200 6878
"GET /static/admin/js/jquery.init.js HTTP/1.1" 200 347
"GET /static/admin/js/core.js HTTP/1.1" 200 6208
"GET /static/admin/js/admin/RelatedObjectLookups.js HTTP/1.1" 200 9777
"GET /static/admin/js/actions.js HTTP/1.1" 200 8076
"GET /static/admin/js/prepopulate.js HTTP/1.1" 200 1531
"GET /admin/jsi18n/ HTTP/1.1" 200 3342
"GET /static/admin/js/urlify.js HTTP/1.1" 200 7887
"GET /static/admin/img/search.svg HTTP/1.1" 200 458
"GET /static/admin/js/vendor/jquery/jquery.js HTTP/1.1" 200 285314
"GET /static/admin/js/vendor/xregexp/xregexp.js HTTP/1.1" 200 325171
"GET /static/admin/js/filters.js HTTP/1.1" 200 978
"GET /static/admin/img/tooltag-add.svg HTTP/1.1" 200 331
"GET /static/admin/img/icon-viewlink.svg HTTP/1.1" 200 581
"GET /admin/measurements/keypoint/ HTTP/1.1" 200 62879
"GET /static/admin/img/icon-no.svg HTTP/1.1" 200 560
"GET /admin/jsi18n/ HTTP/1.1" 200 3342
"GET /admin/measurements/keypoint/82/change/ HTTP/1.1" 200 16023
"GET /static/admin/js/prepopulate_init.js HTTP/1.1" 200 586
"GET /static/admin/css/forms.css HTTP/1.1" 200 8525
"GET /admin/jsi18n/ HTTP/1.1" 200 3342
"GET /static/admin/js/change_form.js HTTP/1.1" 200 606
"GET /static/admin/css/widgets.css HTTP/1.1" 200 11991
"POST /admin/measurements/keypoint/82/change/ HTTP/1.1" 302 0
"GET /admin/measurements/keypoint/ HTTP/1.1" 200 63115
"GET /admin/jsi18n/ HTTP/1.1" 200 3342
"GET /static/admin/img/icon-yes.svg HTTP/1.1" 200 436
"GET /admin/measurements/measurementsession/ HTTP/1.1" 200 12369
"GET /admin/jsi18n/ HTTP/1.1" 200 3342
"GET /admin/measurements/morphometricmeasurement/ HTTP/1.1" 200 18472
"GET /admin/jsi18n/ HTTP/1.1" 200 3342
"GET /static/admin/img/sorting-icons.svg HTTP/1.1" 200 1097
"GET /admin/auth/group/ HTTP/1.1" 200 10160
"GET /admin/jsi18n/ HTTP/1.1" 200 3342
"GET /admin/auth/user/ HTTP/1.1" 200 14442
"GET /admin/jsi18n/ HTTP/1.1" 200 3342
"GET / HTTP/1.1" 200 15972
"GET /dashboard/ HTTP/1.1" 200 24066
"GET / HTTP/1.1" 200 15972
"GET /dashboard/ HTTP/1.1" 200 24066
"GET /profile/ HTTP/1.1" 200 14283
"GET /dashboard/ HTTP/1.1" 200 24066
"GET /upload/ HTTP/1.1" 200 20240
"GET / HTTP/1.1" 200 15972
"GET /dashboard/ HTTP/1.1" 200 24066
"GET /upload/ HTTP/1.1" 200 20240
"GET /dashboard/ HTTP/1.1" 200 24066
"GET /upload/ HTTP/1.1" 200 20240
"GET /upload/ HTTP/1.1" 200 21030
"GET / HTTP/1.1" 200 15972
"GET /dashboard/ HTTP/1.1" 200 24066
"GET /upload/ HTTP/1.1" 200 21030
"GET /profile/ HTTP/1.1" 200 14283
"GET / HTTP/1.1" 200 15972
"GET /dashboard/ HTTP/1.1" 200 24066
"GET /upload/ HTTP/1.1" 200 21030
"GET /profile/ HTTP/1.1" 200 14283
"GET / HTTP/1.1" 200 14386
"GET /static/images/goat_logo.svg HTTP/1.1" 304 0
"GET /static/images/goat-illu.png HTTP/1.1" 304 0
"GET / HTTP/1.1" 200 14386
"GET /accounts/login/ HTTP/1.1" 200 6523
"GET / HTTP/1.1" 200 14386
"GET /accounts/login/ HTTP/1.1" 200 6523
"GET /accounts/login/ HTTP/1.1" 200 6523
"GET /register/ HTTP/1.1" 200 11168
"GET /accounts/login/ HTTP/1.1" 200 6523
"GET / HTTP/1.1" 200 14386
"GET /accounts/login/ HTTP/1.1" 200 6523
"GET / HTTP/1.1" 200 14386
"GET /accounts/login/ HTTP/1.1" 200 6523
"GET / HTTP/1.1" 200 14386
"GET /static/images/goat_logo.svg HTTP/1.1" 200 31131
"GET /static/images/goat-illu.png HTTP/1.1" 200 1376662
"GET /static/images/favicon.ico HTTP/1.1" 200 15406
"GET /accounts/login/ HTTP/1.1" 200 6523
"GET /accounts/login/ HTTP/1.1" 200 6587
"GET /accounts/login/ HTTP/1.1" 200 6634
"GET /register/ HTTP/1.1" 200 11168
"GET /register/ HTTP/1.1" 200 11168
"GET /accounts/login/ HTTP/1.1" 200 6634
"GET /register/ HTTP/1.1" 200 11168
"GET /accounts/login/ HTTP/1.1" 200 6634
"GET /accounts/login/ HTTP/1.1" 200 6645
"GET /accounts/login/ HTTP/1.1" 200 6645
"GET /accounts/login/ HTTP/1.1" 200 6645
"GET /accounts/login/ HTTP/1.1" 200 6645
"GET / HTTP/1.1" 200 14386
"GET /accounts/login/ HTTP/1.1" 200 6645
"GET /accounts/login/ HTTP/1.1" 200 6645
"GET /register/ HTTP/1.1" 200 11168
"GET /register/ HTTP/1.1" 200 11416
"GET /accounts/login/ HTTP/1.1" 200 6645
"GET /register/ HTTP/1.1" 200 11416
"GET /register/ HTTP/1.1" 200 11478
"GET /register/ HTTP/1.1" 200 11478
"GET /register/ HTTP/1.1" 200 11478
"GET /register/ HTTP/1.1" 200 11492
"GET /register/ HTTP/1.1" 200 11492
"GET /register/ HTTP/1.1" 200 11492
"GET / HTTP/1.1" 200 14386
"GET /accounts/login/ HTTP/1.1" 200 6645
"GET /register/ HTTP/1.1" 200 11492
"GET /accounts/login/ HTTP/1.1" 200 6645
"GET /register/ HTTP/1.1" 200 11492
"GET /accounts/login/ HTTP/1.1" 200 6645
"GET /register/ HTTP/1.1" 200 11492
"GET /accounts/login/ HTTP/1.1" 200 6645
"GET /register/ HTTP/1.1" 200 11492
"GET /accounts/login/ HTTP/1.1" 200 6645
"GET /accounts/login/ HTTP/1.1" 200 6645
"GET /accounts/login/ HTTP/1.1" 200 6645
"GET /static/images/goat_logo.svg HTTP/1.1" 200 31131
"GET /static/images/favicon.ico HTTP/1.1" 200 15406
"GET /accounts/login/ HTTP/1.1" 200 6645
"GET /register/ HTTP/1.1" 200 11492
"GET / HTTP/1.1" 200 14386
"GET /static/images/goat-illu.png HTTP/1.1" 200 1376662
"GET /accounts/login/ HTTP/1.1" 200 6645
"GET /register/ HTTP/1.1" 200 11492
"GET /register/ HTTP/1.1" 200 11492
"POST /register/ HTTP/1.1" 200 12403
"GET / HTTP/1.1" 200 14386
"GET /register/ HTTP/1.1" 200 11492
"GET /register/ HTTP/1.1" 200 11492
"GET /register/ HTTP/1.1" 200 11492
"GET / HTTP/1.1" 200 14386
"GET /accounts/login/ HTTP/1.1" 200 6645
"GET /register/ HTTP/1.1" 200 11492
"GET /accounts/login/ HTTP/1.1" 200 6645
"POST /accounts/login/ HTTP/1.1" 302 0
"GET /dashboard/ HTTP/1.1" 200 24066
"GET /upload/ HTTP/1.1" 200 21030
"GET /upload/ HTTP/1.1" 200 21030
"GET /profile/ HTTP/1.1" 200 14283
"GET /profile/ HTTP/1.1" 200 14284
"GET /profile/ HTTP/1.1" 200 14282
"GET /dashboard/ HTTP/1.1" 200 24066
"GET /upload/ HTTP/1.1" 200 21030
"GET /profile/ HTTP/1.1" 200 14282
"GET /export-options/ HTTP/1.1" 200 15437
Error creating Excel export: 'MorphometricMeasurement' object has no attribute 'longueur_du_corps'
"GET /export-excel/?goat_id=4de74e08-6b5e-492b-b15e-a8dae113e4a4&date_from=&date_to= HTTP/1.1" 302 0
"GET /dashboard/ HTTP/1.1" 200 24438
"GET /export-options/ HTTP/1.1" 200 15437
Error creating Excel export: 'Goat' object has no attribute 'birth_date'
"GET /export-excel/?goat_id=3006b20f-aab5-4d71-9192-7b1bf5cf96ad&date_from=&date_to= HTTP/1.1" 302 0
"GET /dashboard/ HTTP/1.1" 200 24412
"GET /export-options/ HTTP/1.1" 200 15437
Error creating Excel export: 'MorphometricMeasurement' object has no attribute 'longueur_du_corps'
"GET /export-excel/?goat_id=&date_from=&date_to= HTTP/1.1" 302 0
"GET /dashboard/ HTTP/1.1" 200 24438
"GET /export-options/ HTTP/1.1" 200 15437
Error creating Excel export: 'Goat' object has no attribute 'birth_date'
"GET /export-excel/?goat_id=3005272a-f0a8-42bb-80f2-d5df1a568138&date_from=&date_to= HTTP/1.1" 302 0
"GET /dashboard/ HTTP/1.1" 200 24412
"GET /profile/ HTTP/1.1" 200 14282
"GET /export-options/ HTTP/1.1" 200 15437
Error creating Excel export: 'Goat' object has no attribute 'birth_date'
"GET /export-excel/?goat_id=df0a3f6b-e3ec-4536-b10d-fb66b9e104f7&date_from=&date_to= HTTP/1.1" 302 0
"GET /dashboard/ HTTP/1.1" 200 24412
Error creating Excel export: 'Goat' object has no attribute 'birth_date'
"GET /export-excel/?goat_id=df0a3f6b-e3ec-4536-b10d-fb66b9e104f7&date_from=&date_to= HTTP/1.1" 302 0
"GET /dashboard/ HTTP/1.1" 200 24412
F:\Database\Deploy\GoatMorpho\measurements\excel_export.py changed, reloading.
Watching for file changes with StatReloader
F:\Database\Deploy\GoatMorpho\measurements\excel_export.py changed, reloading.
Watching for file changes with StatReloader
F:\Database\Deploy\GoatMorpho\measurements\excel_export.py changed, reloading.
Watching for file changes with StatReloader
F:\Database\Deploy\GoatMorpho\measurements\excel_export.py changed, reloading.
Watching for file changes with StatReloader
F:\Database\Deploy\GoatMorpho\measurements\excel_export.py changed, reloading.
Watching for file changes with StatReloader
F:\Database\Deploy\GoatMorpho\measurements\excel_export.py changed, reloading.
Watching for file changes with StatReloader
F:\Database\Deploy\GoatMorpho\measurements\excel_export.py changed, reloading.
Watching for file changes with StatReloader
F:\Database\Deploy\GoatMorpho\measurements\excel_export.py changed, reloading.
Watching for file changes with StatReloader
Watching for file changes with StatReloader
F:\Database\Deploy\GoatMorpho\measurements\excel_export.py changed, reloading.
F:\Database\Deploy\GoatMorpho\measurements\excel_export.py changed, reloading.
Watching for file changes with StatReloader
Watching for file changes with StatReloader
"GET /export-options/ HTTP/1.1" 200 15437
Error creating Excel export: 'Goat' object has no attribute 'birth_date'
"GET /export-excel/?goat_id=7306bead-30cd-4679-b8e7-66d625e10e2d&date_from=&date_to= HTTP/1.1" 302 0
"GET /dashboard/ HTTP/1.1" 200 24412
"GET / HTTP/1.1" 200 15972
"GET / HTTP/1.1" 200 15972
"GET /dashboard/ HTTP/1.1" 200 24066
"GET /upload/ HTTP/1.1" 200 21030
"GET /export-options/ HTTP/1.1" 200 15437
Error creating Excel export: 'Goat' object has no attribute 'birth_date'
"GET /export-excel/?goat_id=3005272a-f0a8-42bb-80f2-d5df1a568138&date_from=2025-07-02&date_to=2025-07-10 HTTP/1.1" 302 0
"GET /dashboard/ HTTP/1.1" 200 24412
"GET /export-options/ HTTP/1.1" 200 15437
Error creating Excel export: 'Goat' object has no attribute 'birth_date'
"GET /export-excel/?goat_id=5628973d-81c3-422c-95d5-c1b330fe5b03&date_from=2025-07-02&date_to=2025-08-22 HTTP/1.1" 302 0
"GET /dashboard/ HTTP/1.1" 200 24412
"GET /dashboard/ HTTP/1.1" 200 24066
"GET /admin/ HTTP/1.1" 200 9734
"GET /static/admin/css/base.css HTTP/1.1" 200 22120
"GET /static/admin/css/dark_mode.css HTTP/1.1" 200 2808
"GET /static/admin/js/theme.js HTTP/1.1" 200 1653
"GET /static/admin/css/nav_sidebar.css HTTP/1.1" 200 2810
"GET /static/admin/css/dashboard.css HTTP/1.1" 200 441
"GET /static/admin/css/responsive.css HTTP/1.1" 200 16565
"GET /static/admin/js/nav_sidebar.js HTTP/1.1" 200 3063
"GET /static/admin/img/icon-changelink.svg HTTP/1.1" 200 380
"GET /static/admin/img/icon-addlink.svg HTTP/1.1" 200 331
"GET /upload/ HTTP/1.1" 200 21030
"GET /export-options/ HTTP/1.1" 200 15437
Error creating Excel export: 'Goat' object has no attribute 'birth_date'
"GET /export-excel/?goat_id=fe6f9dbe-dd17-4b5f-8e81-607fef870fdc&date_from=2025-01-01&date_to=2025-07-31 HTTP/1.1" 302 0
"GET /dashboard/ HTTP/1.1" 200 24412
"GET /dashboard/ HTTP/1.1" 302 0
"GET /accounts/login/?next=/dashboard/ HTTP/1.1" 200 6645
"GET /accounts/login/ HTTP/1.1" 200 6645
"GET / HTTP/1.1" 200 14386
"GET /accounts/login/ HTTP/1.1" 200 6645
"POST /accounts/login/ HTTP/1.1" 302 0
"GET /dashboard/ HTTP/1.1" 200 24066
"GET /export-options/ HTTP/1.1" 200 15437
Error creating Excel export: 'Goat' object has no attribute 'birth_date'
"GET /export-excel/?goat_id=124f9c9d-884c-4baf-8cf2-c36d79cbe84f&date_from=2025-07-17&date_to=2025-07-02 HTTP/1.1" 302 0
"GET /dashboard/ HTTP/1.1" 200 24412
"GET /export-options/ HTTP/1.1" 200 15437
Error creating Excel export: 'Goat' object has no attribute 'birth_date'
"GET /export-excel/?goat_id=897b9173-6135-42e9-b7d3-d3be2a35b982&date_from=&date_to= HTTP/1.1" 302 0
"GET /dashboard/ HTTP/1.1" 200 24412
"GET /export-options/ HTTP/1.1" 200 15437
Error creating Excel export: 'Goat' object has no attribute 'birth_date'
"GET /export-excel/?goat_id=76cf4f6e-fad2-4e3a-98e7-6bb7cce49daf&date_from=2025-07-03&date_to=2025-08-01 HTTP/1.1" 302 0
"GET /dashboard/ HTTP/1.1" 200 24412
"GET /logout-confirm/ HTTP/1.1" 200 9646
"GET /dashboard/ HTTP/1.1" 200 24066
"GET /export-options/ HTTP/1.1" 200 15437
Error creating Excel export: 'Goat' object has no attribute 'birth_date'
"GET /export-excel/?goat_id=&date_from=&date_to= HTTP/1.1" 302 0
"GET /dashboard/ HTTP/1.1" 200 24412
"GET /export-options/ HTTP/1.1" 200 15437
Error creating Excel export: 'Goat' object has no attribute 'birth_date'
"GET /export-excel/?goat_id=&date_from=2025-07-02&date_to=2025-07-25 HTTP/1.1" 302 0
"GET /dashboard/ HTTP/1.1" 200 24412
F:\Database\Deploy\GoatMorpho\measurements\excel_export.py changed, reloading.
F:\Database\Deploy\GoatMorpho\measurements\excel_export.py changed, reloading.
Watching for file changes with StatReloader
Watching for file changes with StatReloader
F:\Database\Deploy\GoatMorpho\measurements\excel_export.py changed, reloading.
Watching for file changes with StatReloader
Watching for file changes with StatReloader
"GET /dashboard/ HTTP/1.1" 200 24066
"GET /export-options/ HTTP/1.1" 200 15437
"GET /export-excel/?goat_id=622a2515-c5e8-4a66-a4fc-f959ca58ba03&date_from=2025-07-03&date_to=2025-07-25 HTTP/1.1" 200 8511
"GET / HTTP/1.1" 200 15972
"GET /dashboard/ HTTP/1.1" 200 24066
"GET /upload/ HTTP/1.1" 200 21030
MediaPipe initialized successfully
Processing uploaded image: images.jpeg, size: 9262
Image decoded successfully. Shape: (225, 225, 3)
MediaPipe processing completed
Extracted 17 keypoints
Calculated 7 measurements
"POST /api/upload/ HTTP/1.1" 201 3810
"GET / HTTP/1.1" 200 15972
"GET /dashboard/ HTTP/1.1" 200 25113
"GET /admin/ HTTP/1.1" 200 9734
"GET /static/admin/css/base.css HTTP/1.1" 200 22120
"GET /static/admin/css/dark_mode.css HTTP/1.1" 200 2808
"GET /static/admin/js/theme.js HTTP/1.1" 200 1653
"GET /static/admin/css/nav_sidebar.css HTTP/1.1" 200 2810
"GET /static/admin/css/dashboard.css HTTP/1.1" 200 441
"GET /static/admin/css/responsive.css HTTP/1.1" 200 16565
"GET /static/admin/js/nav_sidebar.js HTTP/1.1" 200 3063
"GET /static/admin/img/icon-addlink.svg HTTP/1.1" 200 331
"GET /static/admin/img/icon-changelink.svg HTTP/1.1" 200 380
Not Found: /favicon.ico
"GET /favicon.ico HTTP/1.1" 404 7859
"GET /admin/measurements/goat/ HTTP/1.1" 200 30443
"GET /static/admin/css/changelists.css HTTP/1.1" 200 6878
"GET /admin/jsi18n/ HTTP/1.1" 200 3342
"GET /static/admin/js/jquery.init.js HTTP/1.1" 200 347
"GET /static/admin/js/core.js HTTP/1.1" 200 6208
"GET /static/admin/js/vendor/jquery/jquery.js HTTP/1.1" 200 285314
"GET /static/admin/js/urlify.js HTTP/1.1" 200 7887
"GET /static/admin/js/admin/RelatedObjectLookups.js HTTP/1.1" 200 9777
"GET /static/admin/js/actions.js HTTP/1.1" 200 8076
"GET /static/admin/js/prepopulate.js HTTP/1.1" 200 1531
"GET /static/admin/img/search.svg HTTP/1.1" 200 458
"GET /static/admin/js/vendor/xregexp/xregexp.js HTTP/1.1" 200 325171
"GET /static/admin/js/filters.js HTTP/1.1" 200 978
"GET /static/admin/img/tooltag-add.svg HTTP/1.1" 200 331
"GET /static/admin/img/icon-viewlink.svg HTTP/1.1" 200 581
"GET /admin/measurements/keypoint/ HTTP/1.1" 200 72798
"GET /admin/jsi18n/ HTTP/1.1" 200 3342
"GET /static/admin/img/icon-no.svg HTTP/1.1" 200 560
"GET /admin/measurements/measurementsession/ HTTP/1.1" 200 12369
"GET /admin/jsi18n/ HTTP/1.1" 200 3342
"GET /admin/measurements/morphometricmeasurement/ HTTP/1.1" 200 19157
"GET /admin/jsi18n/ HTTP/1.1" 200 3342
"GET /static/admin/img/sorting-icons.svg HTTP/1.1" 200 1097
"GET /admin/measurements/goat/ HTTP/1.1" 200 30443
"GET /admin/jsi18n/ HTTP/1.1" 200 3342
"GET /admin/measurements/goat/fe6f9dbe-dd17-4b5f-8e81-607fef870fdc/change/ HTTP/1.1" 200 17425
"GET /static/admin/css/forms.css HTTP/1.1" 200 8525
"GET /admin/jsi18n/ HTTP/1.1" 200 3342
"GET /static/admin/js/prepopulate_init.js HTTP/1.1" 200 586
"GET /static/admin/css/widgets.css HTTP/1.1" 200 11991
"GET /static/admin/js/change_form.js HTTP/1.1" 200 606
"GET /admin/measurements/keypoint/ HTTP/1.1" 200 72798
"GET /admin/jsi18n/ HTTP/1.1" 200 3342
"GET /admin/measurements/keypoint/99/change/ HTTP/1.1" 200 16121
"GET /admin/jsi18n/ HTTP/1.1" 200 3342
"GET /admin/measurements/measurementsession/ HTTP/1.1" 200 12369
"GET /admin/jsi18n/ HTTP/1.1" 200 3342
"GET /admin/measurements/morphometricmeasurement/ HTTP/1.1" 200 19157
"GET /admin/jsi18n/ HTTP/1.1" 200 3342
"GET /admin/measurements/morphometricmeasurement/8a32d757-59ba-49d1-b262-b5c01c7d151d/change/ HTTP/1.1" 200 76342
"GET /admin/jsi18n/ HTTP/1.1" 200 3342
"GET /static/admin/js/inlines.js HTTP/1.1" 200 15628
"GET /static/admin/img/icon-unknown.svg HTTP/1.1" 200 655
"GET / HTTP/1.1" 200 15972
"GET /logout-confirm/ HTTP/1.1" 200 9646
"POST /logout-confirm/ HTTP/1.1" 302 0
"GET /accounts/login/ HTTP/1.1" 200 6645
"GET /register/ HTTP/1.1" 200 11492
"POST /register/ HTTP/1.1" 200 12058
"POST /register/ HTTP/1.1" 302 0
"GET /dashboard/ HTTP/1.1" 200 10651
"GET /upload/ HTTP/1.1" 200 17595
Method Not Allowed (GET): /accounts/logout/
"GET /accounts/logout/ HTTP/1.1" 405 0
F:\Database\Deploy\GoatMorpho\goat_morpho\settings.py changed, reloading.
Watching for file changes with StatReloader
F:\Database\Deploy\GoatMorpho\goat_morpho\settings.py changed, reloading.
Watching for file changes with StatReloader
Watching for file changes with StatReloader
"GET / HTTP/1.1" 200 14386
"GET /static/images/goat_logo.svg HTTP/1.1" 200 31131
"GET /static/images/goat-illu.png HTTP/1.1" 200 1376662
"GET /static/images/favicon.ico HTTP/1.1" 200 15406
"GET /accounts/login/ HTTP/1.1" 200 6645
"POST /accounts/login/ HTTP/1.1" 302 0
"GET /dashboard/ HTTP/1.1" 200 25113
"GET /logout-confirm/ HTTP/1.1" 200 9646
"GET /dashboard/ HTTP/1.1" 200 25113
"GET /logout-confirm/ HTTP/1.1" 200 9646
"GET /dashboard/ HTTP/1.1" 200 25113
"GET /logout-confirm/ HTTP/1.1" 200 9646
"GET /dashboard/ HTTP/1.1" 200 25113
F:\Database\Deploy\GoatMorpho\measurements\views.py changed, reloading.
Watching for file changes with StatReloader
"GET /logout-confirm/ HTTP/1.1" 200 9577
Method Not Allowed (GET): /accounts/logout/
"GET /accounts/logout/ HTTP/1.1" 405 0
Method Not Allowed (GET): /accounts/logout/
"GET /accounts/logout/ HTTP/1.1" 405 0
Method Not Allowed (GET): /accounts/logout/
"GET /accounts/logout/ HTTP/1.1" 405 0
"GET /dashboard/ HTTP/1.1" 200 25113
Method Not Allowed (GET): /accounts/logout/
"GET /accounts/logout/ HTTP/1.1" 405 0
"GET /export-options/ HTTP/1.1" 200 15616
"GET /profile/ HTTP/1.1" 200 14283
"GET /profile/ HTTP/1.1" 200 14283
"GET /upload/ HTTP/1.1" 200 21156
"GET /dashboard/ HTTP/1.1" 200 25113
"GET / HTTP/1.1" 200 15972
"GET /dashboard/ HTTP/1.1" 200 25113
"GET /upload/ HTTP/1.1" 200 21156
"GET /profile/ HTTP/1.1" 200 14283
"GET /export-options/ HTTP/1.1" 200 15616
"GET /admin/ HTTP/1.1" 200 9734
"GET /static/admin/css/base.css HTTP/1.1" 200 22120
"GET /static/admin/css/dark_mode.css HTTP/1.1" 200 2808
"GET /static/admin/css/nav_sidebar.css HTTP/1.1" 200 2810
"GET /static/admin/css/dashboard.css HTTP/1.1" 200 441
"GET /static/admin/css/responsive.css HTTP/1.1" 200 16565
"GET /static/admin/js/theme.js HTTP/1.1" 200 1653
"GET /static/admin/js/nav_sidebar.js HTTP/1.1" 200 3063
"GET /static/admin/img/icon-addlink.svg HTTP/1.1" 200 331
"GET /static/admin/img/icon-changelink.svg HTTP/1.1" 200 380
Not Found: /favicon.ico
"GET /favicon.ico HTTP/1.1" 404 7859
"GET /logout-confirm/ HTTP/1.1" 200 9577
"GET /dashboard/ HTTP/1.1" 200 25113
Method Not Allowed (GET): /accounts/logout/
"GET /accounts/logout/ HTTP/1.1" 405 0
Watching for file changes with StatReloader
"GET /?id=416ec8a2-7e62-46c2-b29e-3c7f19049076&vscodeBrowserReqId=1754175542047 HTTP/1.1" 301 0
You're accessing the development server over HTTPS, but it only supports HTTP.
code 400, message Bad HTTP/0.9 request type ('\x16\x03\x01\x06')
You're accessing the development server over HTTPS, but it only supports HTTP.
"GET / HTTP/1.1" 301 0
You're accessing the development server over HTTPS, but it only supports HTTP.
You're accessing the development server over HTTPS, but it only supports HTTP.
You're accessing the development server over HTTPS, but it only supports HTTP.
You're accessing the development server over HTTPS, but it only supports HTTP.
You're accessing the development server over HTTPS, but it only supports HTTP.
You're accessing the development server over HTTPS, but it only supports HTTP.
You're accessing the development server over HTTPS, but it only supports HTTP.
You're accessing the development server over HTTPS, but it only supports HTTP.
You're accessing the development server over HTTPS, but it only supports HTTP.
You're accessing the development server over HTTPS, but it only supports HTTP.
You're accessing the development server over HTTPS, but it only supports HTTP.
You're accessing the development server over HTTPS, but it only supports HTTP.
You're accessing the development server over HTTPS, but it only supports HTTP.
You're accessing the development server over HTTPS, but it only supports HTTP.
"GET / HTTP/1.1" 301 0
code 400, message Bad request version ('h')
You're accessing the development server over HTTPS, but it only supports HTTP.
You're accessing the development server over HTTPS, but it only supports HTTP.
You're accessing the development server over HTTPS, but it only supports HTTP.
code 400, message Bad request version ('\x00\x02\x01\x00\x00')
You're accessing the development server over HTTPS, but it only supports HTTP.
code 400, message Bad request version ('y\x92')
You're accessing the development server over HTTPS, but it only supports HTTP.
You're accessing the development server over HTTPS, but it only supports HTTP.
You're accessing the development server over HTTPS, but it only supports HTTP.
You're accessing the development server over HTTPS, but it only supports HTTP.
code 400, message Bad request version ('\x02h2\x08http/1.1\x00')
You're accessing the development server over HTTPS, but it only supports HTTP.
code 400, message Bad request version ('localhost\x00')
You're accessing the development server over HTTPS, but it only supports HTTP.
You're accessing the development server over HTTPS, but it only supports HTTP.
You're accessing the development server over HTTPS, but it only supports HTTP.
You're accessing the development server over HTTPS, but it only supports HTTP.
You're accessing the development server over HTTPS, but it only supports HTTP.
"GET / HTTP/1.1" 301 0
You're accessing the development server over HTTPS, but it only supports HTTP.
You're accessing the development server over HTTPS, but it only supports HTTP.
code 400, message Bad request version ('\x00\x12\x00\x10\x04\x03\x08\x04\x04\x01\x05\x03\x08\x05\x05\x01\x08\x06\x06\x01\x00')
You're accessing the development server over HTTPS, but it only supports HTTP.
You're accessing the development server over HTTPS, but it only supports HTTP.
You're accessing the development server over HTTPS, but it only supports HTTP.
code 400, message Bad request version ('^\x0f9\x8d\x12\x9d\x92')
You're accessing the development server over HTTPS, but it only supports HTTP.
code 400, message Bad request version ('\x02h2\x08http/1.1\x00')
You're accessing the development server over HTTPS, but it only supports HTTP.
code 400, message Bad request version ('\x02h2\x08http/1.1\x00\x12\x00\x00\x00-\x00\x02\x01\x01\x00')
You're accessing the development server over HTTPS, but it only supports HTTP.
code 400, message Bad request version ('^')
You're accessing the development server over HTTPS, but it only supports HTTP.
code 400, message Bad request version ('\x14')
You're accessing the development server over HTTPS, but it only supports HTTP.
You're accessing the development server over HTTPS, but it only supports HTTP.
You're accessing the development server over HTTPS, but it only supports HTTP.
code 400, message Bad request version ('\x00\x12\x00\x10\x04\x03\x08\x04\x04\x01\x05\x03\x08\x05\x05\x01\x08\x06\x06\x01\x00')
You're accessing the development server over HTTPS, but it only supports HTTP.
You're accessing the development server over HTTPS, but it only supports HTTP.
You're accessing the development server over HTTPS, but it only supports HTTP.
You're accessing the development server over HTTPS, but it only supports HTTP.
You're accessing the development server over HTTPS, but it only supports HTTP.
You're accessing the development server over HTTPS, but it only supports HTTP.
You're accessing the development server over HTTPS, but it only supports HTTP.
You're accessing the development server over HTTPS, but it only supports HTTP.
You're accessing the development server over HTTPS, but it only supports HTTP.
You're accessing the development server over HTTPS, but it only supports HTTP.
"GET / HTTP/1.1" 301 0
You're accessing the development server over HTTPS, but it only supports HTTP.
You're accessing the development server over HTTPS, but it only supports HTTP.
You're accessing the development server over HTTPS, but it only supports HTTP.
You're accessing the development server over HTTPS, but it only supports HTTP.
code 400, message Bad request version ('\x02h2\x08http/1.1\x00')
You're accessing the development server over HTTPS, but it only supports HTTP.
You're accessing the development server over HTTPS, but it only supports HTTP.
You're accessing the development server over HTTPS, but it only supports HTTP.
code 400, message Bad request version ('\x93\x18')
You're accessing the development server over HTTPS, but it only supports HTTP.
code 400, message Bad request version ('\x02h2\x08http/1.1\x00\x1b\x00\x03\x02\x00\x02\x00')
You're accessing the development server over HTTPS, but it only supports HTTP.
code 400, message Bad request version ('\\\x9bG\x8e\x15Å \x06Åã\xad')
You're accessing the development server over HTTPS, but it only supports HTTP.
You're accessing the development server over HTTPS, but it only supports HTTP.
You're accessing the development server over HTTPS, but it only supports HTTP.
code 400, message Bad request version ('\x00\x02\x01\x00\x00')
You're accessing the development server over HTTPS, but it only supports HTTP.
You're accessing the development server over HTTPS, but it only supports HTTP.
code 400, message Bad request version ('\x00\x12\x00\x10\x04\x03\x08\x04\x04\x01\x05\x03\x08\x05\x05\x01\x08\x06\x06\x01\x00\x17\x00\x00\x00\x12\x00\x00\x00')
You're accessing the development server over HTTPS, but it only supports HTTP.
You're accessing the development server over HTTPS, but it only supports HTTP.
You're accessing the development server over HTTPS, but it only supports HTTP.
You're accessing the development server over HTTPS, but it only supports HTTP.
You're accessing the development server over HTTPS, but it only supports HTTP.
You're accessing the development server over HTTPS, but it only supports HTTP.
code 400, message Bad request version ('\x02h2\x08http/1.1\x00')
You're accessing the development server over HTTPS, but it only supports HTTP.
You're accessing the development server over HTTPS, but it only supports HTTP.
You're accessing the development server over HTTPS, but it only supports HTTP.
You're accessing the development server over HTTPS, but it only supports HTTP.
Watching for file changes with StatReloader
Watching for file changes with StatReloader
Watching for file changes with StatReloader
"GET /?id=9919025e-2cc5-4f82-a928-4ff0919258ab&vscodeBrowserReqId=1754179215381 HTTP/1.1" 301 0
You're accessing the development server over HTTPS, but it only supports HTTP.
You're accessing the development server over HTTPS, but it only supports HTTP.
"GET /?id=9919025e-2cc5-4f82-a928-4ff0919258ab&vscodeBrowserReqId=1754179224435 HTTP/1.1" 301 0
You're accessing the development server over HTTPS, but it only supports HTTP.
code 400, message Bad request version ('\x02h2\x08http/1.1\x00')
You're accessing the development server over HTTPS, but it only supports HTTP.
You're accessing the development server over HTTPS, but it only supports HTTP.
You're accessing the development server over HTTPS, but it only supports HTTP.
You're accessing the development server over HTTPS, but it only supports HTTP.
You're accessing the development server over HTTPS, but it only supports HTTP.
You're accessing the development server over HTTPS, but it only supports HTTP.
You're accessing the development server over HTTPS, but it only supports HTTP.
You're accessing the development server over HTTPS, but it only supports HTTP.
You're accessing the development server over HTTPS, but it only supports HTTP.
You're accessing the development server over HTTPS, but it only supports HTTP.
You're accessing the development server over HTTPS, but it only supports HTTP.
code 400, message Bad request version ('\x1a\x1a\x00\x00\x00-\x00\x02\x01\x01\x00\x1b\x00\x03\x02\x00\x02\x00')
You're accessing the development server over HTTPS, but it only supports HTTP.
You're accessing the development server over HTTPS, but it only supports HTTP.
You're accessing the development server over HTTPS, but it only supports HTTP.
You're accessing the development server over HTTPS, but it only supports HTTP.
You're accessing the development server over HTTPS, but it only supports HTTP.
You're accessing the development server over HTTPS, but it only supports HTTP.
You're accessing the development server over HTTPS, but it only supports HTTP.
code 400, message Bad request version ('\x00\x02\x01\x00\x00')
You're accessing the development server over HTTPS, but it only supports HTTP.
You're accessing the development server over HTTPS, but it only supports HTTP.
You're accessing the development server over HTTPS, but it only supports HTTP.
You're accessing the development server over HTTPS, but it only supports HTTP.
You're accessing the development server over HTTPS, but it only supports HTTP.
code 400, message Bad request version ('localhost\x00')
You're accessing the development server over HTTPS, but it only supports HTTP.
You're accessing the development server over HTTPS, but it only supports HTTP.
You're accessing the development server over HTTPS, but it only supports HTTP.
You're accessing the development server over HTTPS, but it only supports HTTP.
You're accessing the development server over HTTPS, but it only supports HTTP.
You're accessing the development server over HTTPS, but it only supports HTTP.
code 400, message Bad request version ('\x00\x12\x00\x10\x04\x03\x08\x04\x04\x01\x05\x03\x08\x05\x05\x01\x08\x06\x06\x01\x00\x17\x00\x00\x00')
You're accessing the development server over HTTPS, but it only supports HTTP.
You're accessing the development server over HTTPS, but it only supports HTTP.
You're accessing the development server over HTTPS, but it only supports HTTP.
You're accessing the development server over HTTPS, but it only supports HTTP.
You're accessing the development server over HTTPS, but it only supports HTTP.
You're accessing the development server over HTTPS, but it only supports HTTP.
You're accessing the development server over HTTPS, but it only supports HTTP.
You're accessing the development server over HTTPS, but it only supports HTTP.
Watching for file changes with StatReloader
"GET / HTTP/1.1" 301 0
You're accessing the development server over HTTPS, but it only supports HTTP.
You're accessing the development server over HTTPS, but it only supports HTTP.
code 400, message Bad request version ('\x17\x00')
You're accessing the development server over HTTPS, but it only supports HTTP.
You're accessing the development server over HTTPS, but it only supports HTTP.
You're accessing the development server over HTTPS, but it only supports HTTP.
You're accessing the development server over HTTPS, but it only supports HTTP.
You're accessing the development server over HTTPS, but it only supports HTTP.
You're accessing the development server over HTTPS, but it only supports HTTP.
code 400, message Bad request version ('\x00\x02\x01\x00\x00+\x00\x07\x06zz\x03\x04\x03\x03\x00')
You're accessing the development server over HTTPS, but it only supports HTTP.
You're accessing the development server over HTTPS, but it only supports HTTP.
"GET / HTTP/1.1" 301 0
You're accessing the development server over HTTPS, but it only supports HTTP.
code 400, message Bad request version ('IJHg|b\x83')
You're accessing the development server over HTTPS, but it only supports HTTP.
You're accessing the development server over HTTPS, but it only supports HTTP.
You're accessing the development server over HTTPS, but it only supports HTTP.
You're accessing the development server over HTTPS, but it only supports HTTP.
You're accessing the development server over HTTPS, but it only supports HTTP.
code 400, message Bad request version ('\x7f')
You're accessing the development server over HTTPS, but it only supports HTTP.
You're accessing the development server over HTTPS, but it only supports HTTP.
You're accessing the development server over HTTPS, but it only supports HTTP.
code 400, message Bad request version ('\x02h2\x08http/1.1\x00-\x00\x02\x01\x01\x00')
You're accessing the development server over HTTPS, but it only supports HTTP.
You're accessing the development server over HTTPS, but it only supports HTTP.
code 400, message Bad request version ('\x00\x02\x01\x00\x00')
You're accessing the development server over HTTPS, but it only supports HTTP.
You're accessing the development server over HTTPS, but it only supports HTTP.
You're accessing the development server over HTTPS, but it only supports HTTP.
You're accessing the development server over HTTPS, but it only supports HTTP.
code 400, message Bad request version ('?}\x7fc=\x80\x91')
You're accessing the development server over HTTPS, but it only supports HTTP.
code 400, message Bad HTTP/0.9 request type ('\x16\x03\x01\x06')
You're accessing the development server over HTTPS, but it only supports HTTP.
You're accessing the development server over HTTPS, but it only supports HTTP.
You're accessing the development server over HTTPS, but it only supports HTTP.
You're accessing the development server over HTTPS, but it only supports HTTP.
Watching for file changes with StatReloader
"GET / HTTP/1.1" 301 0
You're accessing the development server over HTTPS, but it only supports HTTP.
You're accessing the development server over HTTPS, but it only supports HTTP.
code 400, message Bad request version ('\x88ÅNiTS\x9c')
You're accessing the development server over HTTPS, but it only supports HTTP.
code 400, message Bad request version ('\x02h2\x08http/1.1\x00-\x00\x02\x01\x01\x00')
You're accessing the development server over HTTPS, but it only supports HTTP.
You're accessing the development server over HTTPS, but it only supports HTTP.
You're accessing the development server over HTTPS, but it only supports HTTP.
You're accessing the development server over HTTPS, but it only supports HTTP.
You're accessing the development server over HTTPS, but it only supports HTTP.
You're accessing the development server over HTTPS, but it only supports HTTP.
You're accessing the development server over HTTPS, but it only supports HTTP.
You're accessing the development server over HTTPS, but it only supports HTTP.
You're accessing the development server over HTTPS, but it only supports HTTP.
You're accessing the development server over HTTPS, but it only supports HTTP.
You're accessing the development server over HTTPS, but it only supports HTTP.
You're accessing the development server over HTTPS, but it only supports HTTP.
You're accessing the development server over HTTPS, but it only supports HTTP.
You're accessing the development server over HTTPS, but it only supports HTTP.
You're accessing the development server over HTTPS, but it only supports HTTP.
You're accessing the development server over HTTPS, but it only supports HTTP.
You're accessing the development server over HTTPS, but it only supports HTTP.
You're accessing the development server over HTTPS, but it only supports HTTP.
You're accessing the development server over HTTPS, but it only supports HTTP.
F:\Database\Deploy\GoatMorpho\goat_morpho\settings.py changed, reloading.
Watching for file changes with StatReloader
code 400, message Bad request version (';B')
You're accessing the development server over HTTPS, but it only supports HTTP.
You're accessing the development server over HTTPS, but it only supports HTTP.
You're accessing the development server over HTTPS, but it only supports HTTP.
You're accessing the development server over HTTPS, but it only supports HTTP.
You're accessing the development server over HTTPS, but it only supports HTTP.
You're accessing the development server over HTTPS, but it only supports HTTP.
code 400, message Bad request version ('YA')
You're accessing the development server over HTTPS, but it only supports HTTP.
You're accessing the development server over HTTPS, but it only supports HTTP.
You're accessing the development server over HTTPS, but it only supports HTTP.
code 400, message Bad request version ('\x826=b\x7f4\x00')
You're accessing the development server over HTTPS, but it only supports HTTP.
You're accessing the development server over HTTPS, but it only supports HTTP.
You're accessing the development server over HTTPS, but it only supports HTTP.
You're accessing the development server over HTTPS, but it only supports HTTP.
You're accessing the development server over HTTPS, but it only supports HTTP.
You're accessing the development server over HTTPS, but it only supports HTTP.
You're accessing the development server over HTTPS, but it only supports HTTP.
Watching for file changes with StatReloader
"GET / HTTP/1.1" 301 0
code 400, message Bad request version ('\x02h2\x08http/1.1\x00\x17\x00\x00\x00')
You're accessing the development server over HTTPS, but it only supports HTTP.
You're accessing the development server over HTTPS, but it only supports HTTP.
You're accessing the development server over HTTPS, but it only supports HTTP.
You're accessing the development server over HTTPS, but it only supports HTTP.
You're accessing the development server over HTTPS, but it only supports HTTP.
You're accessing the development server over HTTPS, but it only supports HTTP.
You're accessing the development server over HTTPS, but it only supports HTTP.
You're accessing the development server over HTTPS, but it only supports HTTP.
You're accessing the development server over HTTPS, but it only supports HTTP.
code 400, message Bad request version ('\x00\x02\x01\x00\x00')
You're accessing the development server over HTTPS, but it only supports HTTP.
code 400, message Bad request version ('\x00\x02\x01\x00\x00-\x00\x02\x01\x01\x00')
You're accessing the development server over HTTPS, but it only supports HTTP.
You're accessing the development server over HTTPS, but it only supports HTTP.
You're accessing the development server over HTTPS, but it only supports HTTP.
code 400, message Bad request version ('localhost\x00+\x00\x07\x06**\x03\x04\x03\x03\x00')
You're accessing the development server over HTTPS, but it only supports HTTP.
You're accessing the development server over HTTPS, but it only supports HTTP.
You're accessing the development server over HTTPS, but it only supports HTTP.
code 400, message Bad request version ('Å}\x00')
You're accessing the development server over HTTPS, but it only supports HTTP.
You're accessing the development server over HTTPS, but it only supports HTTP.
You're accessing the development server over HTTPS, but it only supports HTTP.
code 400, message Bad request version ('f')
You're accessing the development server over HTTPS, but it only supports HTTP.
You're accessing the development server over HTTPS, but it only supports HTTP.
You're accessing the development server over HTTPS, but it only supports HTTP.
You're accessing the development server over HTTPS, but it only supports HTTP.
You're accessing the development server over HTTPS, but it only supports HTTP.
You're accessing the development server over HTTPS, but it only supports HTTP.
You're accessing the development server over HTTPS, but it only supports HTTP.
You're accessing the development server over HTTPS, but it only supports HTTP.
You're accessing the development server over HTTPS, but it only supports HTTP.
You're accessing the development server over HTTPS, but it only supports HTTP.
You're accessing the development server over HTTPS, but it only supports HTTP.
You're accessing the development server over HTTPS, but it only supports HTTP.
You're accessing the development server over HTTPS, but it only supports HTTP.
You're accessing the development server over HTTPS, but it only supports HTTP.
You're accessing the development server over HTTPS, but it only supports HTTP.
code 400, message Bad request version ('xN')
You're accessing the development server over HTTPS, but it only supports HTTP.
You're accessing the development server over HTTPS, but it only supports HTTP.
code 400, message Bad request version ('\x00\x12\x00\x10\x04\x03\x08\x04\x04\x01\x05\x03\x08\x05\x05\x01\x08\x06\x06\x01\x00')
You're accessing the development server over HTTPS, but it only supports HTTP.
You're accessing the development server over HTTPS, but it only supports HTTP.
You're accessing the development server over HTTPS, but it only supports HTTP.
You're accessing the development server over HTTPS, but it only supports HTTP.
You're accessing the development server over HTTPS, but it only supports HTTP.
You're accessing the development server over HTTPS, but it only supports HTTP.
You're accessing the development server over HTTPS, but it only supports HTTP.
You're accessing the development server over HTTPS, but it only supports HTTP.
Watching for file changes with StatReloader
F:\Database\Deploy\GoatMorpho\goat_morpho\settings.py changed, reloading.
Watching for file changes with StatReloader
You're accessing the development server over HTTPS, but it only supports HTTP.
You're accessing the development server over HTTPS, but it only supports HTTP.
Not Found: /static/images/goat_logo.svg
Not Found: /static/images/goat-illu.png
Not Found: /static/images/goat_logo.svg
Not Found: /static/images/favicon.ico
Not Found: /static/images/goat_logo.svg
Not Found: /static/images/goat-illu.png
Not Found: /static/images/goat_logo.svg
Not Found: /static/images/goat-illu.png
Not Found: /static/images/goat_logo.svg
Not Found: /static/images/goat-illu.png
Not Found: /static/images/goat_logo.svg
Not Found: /static/images/goat_logo.svg
Internal Server Error: /accounts/login/
Traceback (most recent call last):
  File "F:\Database\Deploy\GoatMorpho\venv\Lib\site-packages\django_redis\cache.py", line 29, in _decorator
    return method(self, *args, **kwargs)
           ^^^^^^^^^^^^^^^^^^^^^^^^^^^^^
  File "F:\Database\Deploy\GoatMorpho\venv\Lib\site-packages\django_redis\cache.py", line 138, in has_key
    return self.client.has_key(*args, **kwargs)
           ^^^^^^^^^^^^^^^^^^^^^^^^^^^^^^^^^^^^
  File "F:\Database\Deploy\GoatMorpho\venv\Lib\site-packages\django_redis\client\default.py", line 740, in has_key
    raise ConnectionInterrupted(connection=client) from e
django_redis.exceptions.ConnectionInterrupted: Redis ConnectionError: Error 10061 connecting to 127.0.0.1:6379. No connection could be made because the target machine actively refused it.

During handling of the above exception, another exception occurred:

Traceback (most recent call last):
  File "F:\Database\Deploy\GoatMorpho\venv\Lib\site-packages\django\core\handlers\exception.py", line 55, in inner
    response = get_response(request)
               ^^^^^^^^^^^^^^^^^^^^^
  File "F:\Database\Deploy\GoatMorpho\venv\Lib\site-packages\django\core\handlers\base.py", line 197, in _get_response
    response = wrapped_callback(request, *callback_args, **callback_kwargs)
               ^^^^^^^^^^^^^^^^^^^^^^^^^^^^^^^^^^^^^^^^^^^^^^^^^^^^^^^^^^^^
  File "F:\Database\Deploy\GoatMorpho\venv\Lib\site-packages\django\views\generic\base.py", line 105, in view
    return self.dispatch(request, *args, **kwargs)
           ^^^^^^^^^^^^^^^^^^^^^^^^^^^^^^^^^^^^^^^
  File "F:\Database\Deploy\GoatMorpho\venv\Lib\site-packages\django\utils\decorators.py", line 48, in _wrapper
    return bound_method(*args, **kwargs)
           ^^^^^^^^^^^^^^^^^^^^^^^^^^^^^
  File "F:\Database\Deploy\GoatMorpho\venv\Lib\site-packages\django\utils\decorators.py", line 48, in _wrapper
    return bound_method(*args, **kwargs)
           ^^^^^^^^^^^^^^^^^^^^^^^^^^^^^
  File "F:\Database\Deploy\GoatMorpho\venv\Lib\site-packages\django\views\decorators\debug.py", line 143, in sensitive_post_parameters_wrapper
    return view(request, *args, **kwargs)
           ^^^^^^^^^^^^^^^^^^^^^^^^^^^^^^
  File "F:\Database\Deploy\GoatMorpho\venv\Lib\site-packages\django\utils\decorators.py", line 48, in _wrapper
    return bound_method(*args, **kwargs)
           ^^^^^^^^^^^^^^^^^^^^^^^^^^^^^
  File "F:\Database\Deploy\GoatMorpho\venv\Lib\site-packages\django\utils\decorators.py", line 192, in _view_wrapper
    result = _process_exception(request, e)
             ^^^^^^^^^^^^^^^^^^^^^^^^^^^^^^
  File "F:\Database\Deploy\GoatMorpho\venv\Lib\site-packages\django\utils\decorators.py", line 190, in _view_wrapper
    response = view_func(request, *args, **kwargs)
               ^^^^^^^^^^^^^^^^^^^^^^^^^^^^^^^^^^^
  File "F:\Database\Deploy\GoatMorpho\venv\Lib\site-packages\django\utils\decorators.py", line 48, in _wrapper
    return bound_method(*args, **kwargs)
           ^^^^^^^^^^^^^^^^^^^^^^^^^^^^^
  File "F:\Database\Deploy\GoatMorpho\venv\Lib\site-packages\django\views\decorators\cache.py", line 80, in _view_wrapper
    response = view_func(request, *args, **kwargs)
               ^^^^^^^^^^^^^^^^^^^^^^^^^^^^^^^^^^^
  File "F:\Database\Deploy\GoatMorpho\venv\Lib\site-packages\django\contrib\auth\views.py", line 89, in dispatch
    return super().dispatch(request, *args, **kwargs)
           ^^^^^^^^^^^^^^^^^^^^^^^^^^^^^^^^^^^^^^^^^^
  File "F:\Database\Deploy\GoatMorpho\venv\Lib\site-packages\django\views\generic\base.py", line 144, in dispatch
    return handler(request, *args, **kwargs)
           ^^^^^^^^^^^^^^^^^^^^^^^^^^^^^^^^^
  File "F:\Database\Deploy\GoatMorpho\venv\Lib\site-packages\django\views\generic\edit.py", line 151, in post
    return self.form_valid(form)
           ^^^^^^^^^^^^^^^^^^^^^
  File "F:\Database\Deploy\GoatMorpho\venv\Lib\site-packages\django\contrib\auth\views.py", line 108, in form_valid
    auth_login(self.request, form.get_user())
  File "F:\Database\Deploy\GoatMorpho\venv\Lib\site-packages\django\contrib\auth\__init__.py", line 187, in login
    request.session.cycle_key()
  File "F:\Database\Deploy\GoatMorpho\venv\Lib\site-packages\django\contrib\sessions\backends\base.py", line 432, in cycle_key
    self.create()
  File "F:\Database\Deploy\GoatMorpho\venv\Lib\site-packages\django\contrib\sessions\backends\cache.py", line 55, in create
    self._session_key = self._get_new_session_key()
                        ^^^^^^^^^^^^^^^^^^^^^^^^^^^
  File "F:\Database\Deploy\GoatMorpho\venv\Lib\site-packages\django\contrib\sessions\backends\base.py", line 196, in _get_new_session_key
    if not self.exists(session_key):
           ^^^^^^^^^^^^^^^^^^^^^^^^
  File "F:\Database\Deploy\GoatMorpho\venv\Lib\site-packages\django\contrib\sessions\backends\cache.py", line 117, in exists
    bool(session_key) and (self.cache_key_prefix + session_key) in self._cache
                          ^^^^^^^^^^^^^^^^^^^^^^^^^^^^^^^^^^^^^^^^^^^^^^^^^^^^
  File "F:\Database\Deploy\GoatMorpho\venv\Lib\site-packages\django\core\cache\backends\base.py", line 301, in __contains__
    return self.has_key(key)
           ^^^^^^^^^^^^^^^^^
  File "F:\Database\Deploy\GoatMorpho\venv\Lib\site-packages\django_redis\cache.py", line 36, in _decorator
    raise e.__cause__  # noqa: B904
    ^^^^^^^^^^^^^^^^^
  File "F:\Database\Deploy\GoatMorpho\venv\Lib\site-packages\django_redis\client\default.py", line 738, in has_key
    return client.exists(key) == 1
           ^^^^^^^^^^^^^^^^^^
  File "F:\Database\Deploy\GoatMorpho\venv\Lib\site-packages\redis\commands\core.py", line 1736, in exists
    return self.execute_command("EXISTS", *names, keys=names)
           ^^^^^^^^^^^^^^^^^^^^^^^^^^^^^^^^^^^^^^^^^^^^^^^^^^
  File "F:\Database\Deploy\GoatMorpho\venv\Lib\site-packages\redis\client.py", line 623, in execute_command
    return self._execute_command(*args, **options)
           ^^^^^^^^^^^^^^^^^^^^^^^^^^^^^^^^^^^^^^^
  File "F:\Database\Deploy\GoatMorpho\venv\Lib\site-packages\redis\client.py", line 629, in _execute_command
    conn = self.connection or pool.get_connection()
                              ^^^^^^^^^^^^^^^^^^^^^
  File "F:\Database\Deploy\GoatMorpho\venv\Lib\site-packages\redis\utils.py", line 191, in wrapper
    return func(*args, **kwargs)
           ^^^^^^^^^^^^^^^^^^^^^
  File "F:\Database\Deploy\GoatMorpho\venv\Lib\site-packages\redis\connection.py", line 1530, in get_connection
    connection.connect()
  File "F:\Database\Deploy\GoatMorpho\venv\Lib\site-packages\redis\connection.py", line 379, in connect
    self.connect_check_health(check_health=True)
  File "F:\Database\Deploy\GoatMorpho\venv\Lib\site-packages\redis\connection.py", line 391, in connect_check_health
    raise ConnectionError(self._error_message(e))
redis.exceptions.ConnectionError: Error 10061 connecting to 127.0.0.1:6379. No connection could be made because the target machine actively refused it.
Not Found: /favicon.ico
Internal Server Error: /accounts/login/
Traceback (most recent call last):
  File "F:\Database\Deploy\GoatMorpho\venv\Lib\site-packages\django_redis\cache.py", line 29, in _decorator
    return method(self, *args, **kwargs)
           ^^^^^^^^^^^^^^^^^^^^^^^^^^^^^
  File "F:\Database\Deploy\GoatMorpho\venv\Lib\site-packages\django_redis\cache.py", line 138, in has_key
    return self.client.has_key(*args, **kwargs)
           ^^^^^^^^^^^^^^^^^^^^^^^^^^^^^^^^^^^^
  File "F:\Database\Deploy\GoatMorpho\venv\Lib\site-packages\django_redis\client\default.py", line 740, in has_key
    raise ConnectionInterrupted(connection=client) from e
django_redis.exceptions.ConnectionInterrupted: Redis ConnectionError: Error 10061 connecting to 127.0.0.1:6379. No connection could be made because the target machine actively refused it.

During handling of the above exception, another exception occurred:

Traceback (most recent call last):
  File "F:\Database\Deploy\GoatMorpho\venv\Lib\site-packages\django\core\handlers\exception.py", line 55, in inner
    response = get_response(request)
               ^^^^^^^^^^^^^^^^^^^^^
  File "F:\Database\Deploy\GoatMorpho\venv\Lib\site-packages\django\core\handlers\base.py", line 197, in _get_response
    response = wrapped_callback(request, *callback_args, **callback_kwargs)
               ^^^^^^^^^^^^^^^^^^^^^^^^^^^^^^^^^^^^^^^^^^^^^^^^^^^^^^^^^^^^
  File "F:\Database\Deploy\GoatMorpho\venv\Lib\site-packages\django\views\generic\base.py", line 105, in view
    return self.dispatch(request, *args, **kwargs)
           ^^^^^^^^^^^^^^^^^^^^^^^^^^^^^^^^^^^^^^^
  File "F:\Database\Deploy\GoatMorpho\venv\Lib\site-packages\django\utils\decorators.py", line 48, in _wrapper
    return bound_method(*args, **kwargs)
           ^^^^^^^^^^^^^^^^^^^^^^^^^^^^^
  File "F:\Database\Deploy\GoatMorpho\venv\Lib\site-packages\django\utils\decorators.py", line 48, in _wrapper
    return bound_method(*args, **kwargs)
           ^^^^^^^^^^^^^^^^^^^^^^^^^^^^^
  File "F:\Database\Deploy\GoatMorpho\venv\Lib\site-packages\django\views\decorators\debug.py", line 143, in sensitive_post_parameters_wrapper
    return view(request, *args, **kwargs)
           ^^^^^^^^^^^^^^^^^^^^^^^^^^^^^^
  File "F:\Database\Deploy\GoatMorpho\venv\Lib\site-packages\django\utils\decorators.py", line 48, in _wrapper
    return bound_method(*args, **kwargs)
           ^^^^^^^^^^^^^^^^^^^^^^^^^^^^^
  File "F:\Database\Deploy\GoatMorpho\venv\Lib\site-packages\django\utils\decorators.py", line 192, in _view_wrapper
    result = _process_exception(request, e)
             ^^^^^^^^^^^^^^^^^^^^^^^^^^^^^^
  File "F:\Database\Deploy\GoatMorpho\venv\Lib\site-packages\django\utils\decorators.py", line 190, in _view_wrapper
    response = view_func(request, *args, **kwargs)
               ^^^^^^^^^^^^^^^^^^^^^^^^^^^^^^^^^^^
  File "F:\Database\Deploy\GoatMorpho\venv\Lib\site-packages\django\utils\decorators.py", line 48, in _wrapper
    return bound_method(*args, **kwargs)
           ^^^^^^^^^^^^^^^^^^^^^^^^^^^^^
  File "F:\Database\Deploy\GoatMorpho\venv\Lib\site-packages\django\views\decorators\cache.py", line 80, in _view_wrapper
    response = view_func(request, *args, **kwargs)
               ^^^^^^^^^^^^^^^^^^^^^^^^^^^^^^^^^^^
  File "F:\Database\Deploy\GoatMorpho\venv\Lib\site-packages\django\contrib\auth\views.py", line 89, in dispatch
    return super().dispatch(request, *args, **kwargs)
           ^^^^^^^^^^^^^^^^^^^^^^^^^^^^^^^^^^^^^^^^^^
  File "F:\Database\Deploy\GoatMorpho\venv\Lib\site-packages\django\views\generic\base.py", line 144, in dispatch
    return handler(request, *args, **kwargs)
           ^^^^^^^^^^^^^^^^^^^^^^^^^^^^^^^^^
  File "F:\Database\Deploy\GoatMorpho\venv\Lib\site-packages\django\views\generic\edit.py", line 151, in post
    return self.form_valid(form)
           ^^^^^^^^^^^^^^^^^^^^^
  File "F:\Database\Deploy\GoatMorpho\venv\Lib\site-packages\django\contrib\auth\views.py", line 108, in form_valid
    auth_login(self.request, form.get_user())
  File "F:\Database\Deploy\GoatMorpho\venv\Lib\site-packages\django\contrib\auth\__init__.py", line 187, in login
    request.session.cycle_key()
  File "F:\Database\Deploy\GoatMorpho\venv\Lib\site-packages\django\contrib\sessions\backends\base.py", line 432, in cycle_key
    self.create()
  File "F:\Database\Deploy\GoatMorpho\venv\Lib\site-packages\django\contrib\sessions\backends\cache.py", line 55, in create
    self._session_key = self._get_new_session_key()
                        ^^^^^^^^^^^^^^^^^^^^^^^^^^^
  File "F:\Database\Deploy\GoatMorpho\venv\Lib\site-packages\django\contrib\sessions\backends\base.py", line 196, in _get_new_session_key
    if not self.exists(session_key):
           ^^^^^^^^^^^^^^^^^^^^^^^^
  File "F:\Database\Deploy\GoatMorpho\venv\Lib\site-packages\django\contrib\sessions\backends\cache.py", line 117, in exists
    bool(session_key) and (self.cache_key_prefix + session_key) in self._cache
                          ^^^^^^^^^^^^^^^^^^^^^^^^^^^^^^^^^^^^^^^^^^^^^^^^^^^^
  File "F:\Database\Deploy\GoatMorpho\venv\Lib\site-packages\django\core\cache\backends\base.py", line 301, in __contains__
    return self.has_key(key)
           ^^^^^^^^^^^^^^^^^
  File "F:\Database\Deploy\GoatMorpho\venv\Lib\site-packages\django_redis\cache.py", line 36, in _decorator
    raise e.__cause__  # noqa: B904
    ^^^^^^^^^^^^^^^^^
  File "F:\Database\Deploy\GoatMorpho\venv\Lib\site-packages\django_redis\client\default.py", line 738, in has_key
    return client.exists(key) == 1
           ^^^^^^^^^^^^^^^^^^
  File "F:\Database\Deploy\GoatMorpho\venv\Lib\site-packages\redis\commands\core.py", line 1736, in exists
    return self.execute_command("EXISTS", *names, keys=names)
           ^^^^^^^^^^^^^^^^^^^^^^^^^^^^^^^^^^^^^^^^^^^^^^^^^^
  File "F:\Database\Deploy\GoatMorpho\venv\Lib\site-packages\redis\client.py", line 623, in execute_command
    return self._execute_command(*args, **options)
           ^^^^^^^^^^^^^^^^^^^^^^^^^^^^^^^^^^^^^^^
  File "F:\Database\Deploy\GoatMorpho\venv\Lib\site-packages\redis\client.py", line 629, in _execute_command
    conn = self.connection or pool.get_connection()
                              ^^^^^^^^^^^^^^^^^^^^^
  File "F:\Database\Deploy\GoatMorpho\venv\Lib\site-packages\redis\utils.py", line 191, in wrapper
    return func(*args, **kwargs)
           ^^^^^^^^^^^^^^^^^^^^^
  File "F:\Database\Deploy\GoatMorpho\venv\Lib\site-packages\redis\connection.py", line 1530, in get_connection
    connection.connect()
  File "F:\Database\Deploy\GoatMorpho\venv\Lib\site-packages\redis\connection.py", line 379, in connect
    self.connect_check_health(check_health=True)
  File "F:\Database\Deploy\GoatMorpho\venv\Lib\site-packages\redis\connection.py", line 391, in connect_check_health
    raise ConnectionError(self._error_message(e))
redis.exceptions.ConnectionError: Error 10061 connecting to 127.0.0.1:6379. No connection could be made because the target machine actively refused it.
Not Found: /static/admin/css/base.css
Not Found: /static/admin/css/dark_mode.css
Not Found: /static/admin/css/nav_sidebar.css
Not Found: /static/admin/css/login.css
Not Found: /static/admin/css/responsive.css
Not Found: /static/admin/js/theme.js
Not Found: /static/admin/css/login.css
Not Found: /static/admin/css/responsive.css
Not Found: /static/admin/css/nav_sidebar.css
Not Found: /static/admin/js/nav_sidebar.js
Internal Server Error: /admin/login/
Traceback (most recent call last):
  File "F:\Database\Deploy\GoatMorpho\venv\Lib\site-packages\django_redis\cache.py", line 29, in _decorator
    return method(self, *args, **kwargs)
           ^^^^^^^^^^^^^^^^^^^^^^^^^^^^^
  File "F:\Database\Deploy\GoatMorpho\venv\Lib\site-packages\django_redis\cache.py", line 138, in has_key
    return self.client.has_key(*args, **kwargs)
           ^^^^^^^^^^^^^^^^^^^^^^^^^^^^^^^^^^^^
  File "F:\Database\Deploy\GoatMorpho\venv\Lib\site-packages\django_redis\client\default.py", line 740, in has_key
    raise ConnectionInterrupted(connection=client) from e
django_redis.exceptions.ConnectionInterrupted: Redis ConnectionError: Error 10061 connecting to 127.0.0.1:6379. No connection could be made because the target machine actively refused it.

During handling of the above exception, another exception occurred:

Traceback (most recent call last):
  File "F:\Database\Deploy\GoatMorpho\venv\Lib\site-packages\django\core\handlers\exception.py", line 55, in inner
    response = get_response(request)
               ^^^^^^^^^^^^^^^^^^^^^
  File "F:\Database\Deploy\GoatMorpho\venv\Lib\site-packages\django\core\handlers\base.py", line 197, in _get_response
    response = wrapped_callback(request, *callback_args, **callback_kwargs)
               ^^^^^^^^^^^^^^^^^^^^^^^^^^^^^^^^^^^^^^^^^^^^^^^^^^^^^^^^^^^^
  File "F:\Database\Deploy\GoatMorpho\venv\Lib\site-packages\django\utils\decorators.py", line 48, in _wrapper
    return bound_method(*args, **kwargs)
           ^^^^^^^^^^^^^^^^^^^^^^^^^^^^^
  File "F:\Database\Deploy\GoatMorpho\venv\Lib\site-packages\django\views\decorators\cache.py", line 80, in _view_wrapper
    response = view_func(request, *args, **kwargs)
               ^^^^^^^^^^^^^^^^^^^^^^^^^^^^^^^^^^^
  File "F:\Database\Deploy\GoatMorpho\venv\Lib\site-packages\django\contrib\admin\sites.py", line 449, in login
    return LoginView.as_view(**defaults)(request)
           ^^^^^^^^^^^^^^^^^^^^^^^^^^^^^^^^^^^^^^
  File "F:\Database\Deploy\GoatMorpho\venv\Lib\site-packages\django\views\generic\base.py", line 105, in view
    return self.dispatch(request, *args, **kwargs)
           ^^^^^^^^^^^^^^^^^^^^^^^^^^^^^^^^^^^^^^^
  File "F:\Database\Deploy\GoatMorpho\venv\Lib\site-packages\django\utils\decorators.py", line 48, in _wrapper
    return bound_method(*args, **kwargs)
           ^^^^^^^^^^^^^^^^^^^^^^^^^^^^^
  File "F:\Database\Deploy\GoatMorpho\venv\Lib\site-packages\django\utils\decorators.py", line 48, in _wrapper
    return bound_method(*args, **kwargs)
           ^^^^^^^^^^^^^^^^^^^^^^^^^^^^^
  File "F:\Database\Deploy\GoatMorpho\venv\Lib\site-packages\django\views\decorators\debug.py", line 143, in sensitive_post_parameters_wrapper
    return view(request, *args, **kwargs)
           ^^^^^^^^^^^^^^^^^^^^^^^^^^^^^^
  File "F:\Database\Deploy\GoatMorpho\venv\Lib\site-packages\django\utils\decorators.py", line 48, in _wrapper
    return bound_method(*args, **kwargs)
           ^^^^^^^^^^^^^^^^^^^^^^^^^^^^^
  File "F:\Database\Deploy\GoatMorpho\venv\Lib\site-packages\django\utils\decorators.py", line 192, in _view_wrapper
    result = _process_exception(request, e)
             ^^^^^^^^^^^^^^^^^^^^^^^^^^^^^^
  File "F:\Database\Deploy\GoatMorpho\venv\Lib\site-packages\django\utils\decorators.py", line 190, in _view_wrapper
    response = view_func(request, *args, **kwargs)
               ^^^^^^^^^^^^^^^^^^^^^^^^^^^^^^^^^^^
  File "F:\Database\Deploy\GoatMorpho\venv\Lib\site-packages\django\utils\decorators.py", line 48, in _wrapper
    return bound_method(*args, **kwargs)
           ^^^^^^^^^^^^^^^^^^^^^^^^^^^^^
  File "F:\Database\Deploy\GoatMorpho\venv\Lib\site-packages\django\views\decorators\cache.py", line 80, in _view_wrapper
    response = view_func(request, *args, **kwargs)
               ^^^^^^^^^^^^^^^^^^^^^^^^^^^^^^^^^^^
  File "F:\Database\Deploy\GoatMorpho\venv\Lib\site-packages\django\contrib\auth\views.py", line 89, in dispatch
    return super().dispatch(request, *args, **kwargs)
           ^^^^^^^^^^^^^^^^^^^^^^^^^^^^^^^^^^^^^^^^^^
  File "F:\Database\Deploy\GoatMorpho\venv\Lib\site-packages\django\views\generic\base.py", line 144, in dispatch
    return handler(request, *args, **kwargs)
           ^^^^^^^^^^^^^^^^^^^^^^^^^^^^^^^^^
  File "F:\Database\Deploy\GoatMorpho\venv\Lib\site-packages\django\views\generic\edit.py", line 151, in post
    return self.form_valid(form)
           ^^^^^^^^^^^^^^^^^^^^^
  File "F:\Database\Deploy\GoatMorpho\venv\Lib\site-packages\django\contrib\auth\views.py", line 108, in form_valid
    auth_login(self.request, form.get_user())
  File "F:\Database\Deploy\GoatMorpho\venv\Lib\site-packages\django\contrib\auth\__init__.py", line 187, in login
    request.session.cycle_key()
  File "F:\Database\Deploy\GoatMorpho\venv\Lib\site-packages\django\contrib\sessions\backends\base.py", line 432, in cycle_key
    self.create()
  File "F:\Database\Deploy\GoatMorpho\venv\Lib\site-packages\django\contrib\sessions\backends\cache.py", line 55, in create
    self._session_key = self._get_new_session_key()
                        ^^^^^^^^^^^^^^^^^^^^^^^^^^^
  File "F:\Database\Deploy\GoatMorpho\venv\Lib\site-packages\django\contrib\sessions\backends\base.py", line 196, in _get_new_session_key
    if not self.exists(session_key):
           ^^^^^^^^^^^^^^^^^^^^^^^^
  File "F:\Database\Deploy\GoatMorpho\venv\Lib\site-packages\django\contrib\sessions\backends\cache.py", line 117, in exists
    bool(session_key) and (self.cache_key_prefix + session_key) in self._cache
                          ^^^^^^^^^^^^^^^^^^^^^^^^^^^^^^^^^^^^^^^^^^^^^^^^^^^^
  File "F:\Database\Deploy\GoatMorpho\venv\Lib\site-packages\django\core\cache\backends\base.py", line 301, in __contains__
    return self.has_key(key)
           ^^^^^^^^^^^^^^^^^
  File "F:\Database\Deploy\GoatMorpho\venv\Lib\site-packages\django_redis\cache.py", line 36, in _decorator
    raise e.__cause__  # noqa: B904
    ^^^^^^^^^^^^^^^^^
  File "F:\Database\Deploy\GoatMorpho\venv\Lib\site-packages\django_redis\client\default.py", line 738, in has_key
    return client.exists(key) == 1
           ^^^^^^^^^^^^^^^^^^
  File "F:\Database\Deploy\GoatMorpho\venv\Lib\site-packages\redis\commands\core.py", line 1736, in exists
    return self.execute_command("EXISTS", *names, keys=names)
           ^^^^^^^^^^^^^^^^^^^^^^^^^^^^^^^^^^^^^^^^^^^^^^^^^^
  File "F:\Database\Deploy\GoatMorpho\venv\Lib\site-packages\redis\client.py", line 623, in execute_command
    return self._execute_command(*args, **options)
           ^^^^^^^^^^^^^^^^^^^^^^^^^^^^^^^^^^^^^^^
  File "F:\Database\Deploy\GoatMorpho\venv\Lib\site-packages\redis\client.py", line 629, in _execute_command
    conn = self.connection or pool.get_connection()
                              ^^^^^^^^^^^^^^^^^^^^^
  File "F:\Database\Deploy\GoatMorpho\venv\Lib\site-packages\redis\utils.py", line 191, in wrapper
    return func(*args, **kwargs)
           ^^^^^^^^^^^^^^^^^^^^^
  File "F:\Database\Deploy\GoatMorpho\venv\Lib\site-packages\redis\connection.py", line 1530, in get_connection
    connection.connect()
  File "F:\Database\Deploy\GoatMorpho\venv\Lib\site-packages\redis\connection.py", line 379, in connect
    self.connect_check_health(check_health=True)
  File "F:\Database\Deploy\GoatMorpho\venv\Lib\site-packages\redis\connection.py", line 391, in connect_check_health
    raise ConnectionError(self._error_message(e))
redis.exceptions.ConnectionError: Error 10061 connecting to 127.0.0.1:6379. No connection could be made because the target machine actively refused it.
Watching for file changes with StatReloader
You're accessing the development server over HTTPS, but it only supports HTTP.
You're accessing the development server over HTTPS, but it only supports HTTP.
You're accessing the development server over HTTPS, but it only supports HTTP.
You're accessing the development server over HTTPS, but it only supports HTTP.
code 400, message Bad request version ('\x00\x02\x01\x00\x00')
You're accessing the development server over HTTPS, but it only supports HTTP.
You're accessing the development server over HTTPS, but it only supports HTTP.
You're accessing the development server over HTTPS, but it only supports HTTP.
code 400, message Bad request version ('\x00\x12\x00\x10\x04\x03\x08\x04\x04\x01\x05\x03\x08\x05\x05\x01\x08\x06\x06\x01\x00\x1b\x00\x03\x02\x00\x02\x00')
You're accessing the development server over HTTPS, but it only supports HTTP.
Watching for file changes with StatReloader
You're accessing the development server over HTTPS, but it only supports HTTP.
You're accessing the development server over HTTPS, but it only supports HTTP.
You're accessing the development server over HTTPS, but it only supports HTTP.
You're accessing the development server over HTTPS, but it only supports HTTP.
code 400, message Bad request version ('\x02h2\x08http/1.1\x00')
You're accessing the development server over HTTPS, but it only supports HTTP.
You're accessing the development server over HTTPS, but it only supports HTTP.
code 400, message Bad request syntax ('\x16\x03\x01\x01')
You're accessing the development server over HTTPS, but it only supports HTTP.
You're accessing the development server over HTTPS, but it only supports HTTP.
- Broken pipe from ('127.0.0.1', 56116)
"GET /?id=2414bd41-c359-427d-b0c7-58b1be6beda5&vscodeBrowserReqId=1754216804020 HTTP/1.1" 301 0
You're accessing the development server over HTTPS, but it only supports HTTP.
code 400, message Bad request version ('\x00\x12\x00\x10\x04\x03\x08\x04\x04\x01\x05\x03\x08\x05\x05\x01\x08\x06\x06\x01\x00')
You're accessing the development server over HTTPS, but it only supports HTTP.
"GET /?id=2414bd41-c359-427d-b0c7-58b1be6beda5&vscodeBrowserReqId=1754216806360 HTTP/1.1" 301 0
You're accessing the development server over HTTPS, but it only supports HTTP.
You're accessing the development server over HTTPS, but it only supports HTTP.
"GET /?id=2414bd41-c359-427d-b0c7-58b1be6beda5&vscodeBrowserReqId=1754216807205 HTTP/1.1" 301 0
code 400, message Bad request version ('\x02h2\x08http/1.1Di\x00\x05\x00\x03\x02h2\x00\x17\x00\x00\x00-\x00\x02\x01\x01\x00+\x00\x07\x06')
You're accessing the development server over HTTPS, but it only supports HTTP.
You're accessing the development server over HTTPS, but it only supports HTTP.
You're accessing the development server over HTTPS, but it only supports HTTP.
You're accessing the development server over HTTPS, but it only supports HTTP.
code 400, message Bad request version ('\x9a')
code 400, message Bad request version ('\x00\x12\x00\x10\x04\x03\x08\x04\x04\x01\x05\x03\x08\x05\x05\x01\x08\x06\x06\x01\x00')
You're accessing the development server over HTTPS, but it only supports HTTP.
You're accessing the development server over HTTPS, but it only supports HTTP.
You're accessing the development server over HTTPS, but it only supports HTTP.
You're accessing the development server over HTTPS, but it only supports HTTP.
You're accessing the development server over HTTPS, but it only supports HTTP.
You're accessing the development server over HTTPS, but it only supports HTTP.
You're accessing the development server over HTTPS, but it only supports HTTP.
You're accessing the development server over HTTPS, but it only supports HTTP.
code 400, message Bad request version ('\x02h2\x08http/1.1\x00')
You're accessing the development server over HTTPS, but it only supports HTTP.
You're accessing the development server over HTTPS, but it only supports HTTP.
You're accessing the development server over HTTPS, but it only supports HTTP.
code 400, message Bad request version ('\x12\x8f\x1a\x17')
You're accessing the development server over HTTPS, but it only supports HTTP.
